<?xml version="1.0" encoding="UTF-8"?>
<!-- Generated by org.testng.reporters.JUnitXMLReporter -->
<testsuite ignored="0" hostname="DESKTOP-NSOEI1P" failures="2" tests="10" name="Test" time="2.103" errors="0" timestamp="2023-07-12T11:03:10 ICT">
  <testcase classname="lab_8.testcase.Example1Test" name="T01_StatusCodeTest" time="0.004"/>
  <testcase classname="lab_8.testcase.Example1Test" name="T02_IdChecked" time="0.001"/>
  <testcase classname="lab_8.testcase.Example1Test" name="T03_EmailChecked" time="0.001"/>
  <testcase classname="lab_8.testcase.Example1Test" name="T04_EmailChecked" time="0.001"/>
  <testcase classname="lab_8.testcase.Example1Test" name="T05_EmailChecked" time="0.0"/>
  <testcase classname="lab_8.testcase.Example1Test" name="T06_AvatarChecked" time="0.0"/>
  <testcase classname="lab_8.testcase.Example1Test" name="T07_Compare_id" time="0.196"/>
  <testcase classname="lab_8.testcase.Example2Test" name="T01_StatusCodeTest" time="0.0"/>
  <testcase classname="lab_8.testcase.Example2Test" name="T02_MessageChecked" time="0.002">
    <failure type="java.lang.AssertionError" message="message field check Failed! expected [false] but found [true]">
      <![CDATA[java.lang.AssertionError: message field check Failed! expected [false] but found [true]
at lab_8.testcase.Example2Test.T02_MessageChecked(Example2Test.java:46)
at java.base/java.util.ArrayList.forEach(ArrayList.java:1511)
... Removed 30 stack frames]]>
    </failure>
  </testcase> <!-- T02_MessageChecked -->
  <testcase classname="lab_8.testcase.Example2Test" name="T03_MessageContentCheck" time="0.008">
    <failure type="java.lang.AssertionError" message="null">
      <![CDATA[java.lang.AssertionError: null
at lab_8.testcase.Example2Test.T03_MessageContentCheck(Example2Test.java:55)
at java.base/java.util.ArrayList.forEach(ArrayList.java:1511)
... Removed 27 stack frames]]>
    </failure>
  </testcase> <!-- T03_MessageContentCheck -->
</testsuite> <!-- Test -->
