<?xml version="1.0" encoding="UTF-8"?>
<!-- Generated by org.testng.reporters.JUnitXMLReporter -->
<testsuite ignored="0" hostname="DESKTOP-NSOEI1P" failures="0" tests="5" name="Default test" time="1.154" errors="0" timestamp="2023-07-13T10:09:46 ICT">
  <testcase classname="com.api.auto.testcase.TC_API_CreateWork" name="TC01_Validate201Created" time="0.005"/>
  <testcase classname="com.api.auto.testcase.TC_API_CreateWork" name="TC02_ValidateWorkId" time="0.001"/>
  <testcase classname="com.api.auto.testcase.TC_API_CreateWork" name="TC03_ValidateNameOfWorkMatched" time="0.205"/>
  <testcase classname="com.api.auto.testcase.TC_API_CreateWork" name="TC03_ValidateExperienceMatched" time="0.005"/>
  <testcase classname="com.api.auto.testcase.TC_API_CreateWork" name="TC03_ValidateEducationMatched" time="0.005"/>
</testsuite> <!-- Default test -->
