<?xml version="1.0" encoding="UTF-8"?>
<testng-results ignored="0" total="7" passed="7" failed="0" skipped="0">
  <reporter-output>
  </reporter-output>
  <suite started-at="2023-07-12T20:58:05 ICT" name="Default suite" finished-at="2023-07-12T20:58:07 ICT" duration-ms="2071">
    <groups>
    </groups>
    <test started-at="2023-07-12T20:58:05 ICT" name="Default test" finished-at="2023-07-12T20:58:07 ICT" duration-ms="2071">
      <class name="lab_8.testcase.Example1Test">
        <test-method is-config="true" signature="init()[pri:0, instance:lab_8.testcase.Example1Test@647e447]" started-at="2023-07-12T20:58:05 ICT" name="init" finished-at="2023-07-12T20:58:07 ICT" duration-ms="1842" status="PASS">
          <reporter-output>
          </reporter-output>
        </test-method> <!-- init -->
        <test-method signature="T01_StatusCodeTest()[pri:0, instance:lab_8.testcase.Example1Test@647e447]" started-at="2023-07-12T20:58:07 ICT" name="T01_StatusCodeTest" finished-at="2023-07-12T20:58:07 ICT" duration-ms="4" status="PASS">
          <reporter-output>
          </reporter-output>
        </test-method> <!-- T01_StatusCodeTest -->
        <test-method signature="T02_IdChecked()[pri:0, instance:lab_8.testcase.Example1Test@647e447]" started-at="2023-07-12T20:58:07 ICT" name="T02_IdChecked" finished-at="2023-07-12T20:58:07 ICT" duration-ms="1" status="PASS">
          <reporter-output>
          </reporter-output>
        </test-method> <!-- T02_IdChecked -->
        <test-method signature="T03_EmailChecked()[pri:0, instance:lab_8.testcase.Example1Test@647e447]" started-at="2023-07-12T20:58:07 ICT" name="T03_EmailChecked" finished-at="2023-07-12T20:58:07 ICT" duration-ms="1" status="PASS">
          <reporter-output>
          </reporter-output>
        </test-method> <!-- T03_EmailChecked -->
        <test-method signature="T04_EmailChecked()[pri:0, instance:lab_8.testcase.Example1Test@647e447]" started-at="2023-07-12T20:58:07 ICT" name="T04_EmailChecked" finished-at="2023-07-12T20:58:07 ICT" duration-ms="0" status="PASS">
          <reporter-output>
          </reporter-output>
        </test-method> <!-- T04_EmailChecked -->
        <test-method signature="T05_EmailChecked()[pri:0, instance:lab_8.testcase.Example1Test@647e447]" started-at="2023-07-12T20:58:07 ICT" name="T05_EmailChecked" finished-at="2023-07-12T20:58:07 ICT" duration-ms="0" status="PASS">
          <reporter-output>
          </reporter-output>
        </test-method> <!-- T05_EmailChecked -->
        <test-method signature="T06_AvatarChecked()[pri:0, instance:lab_8.testcase.Example1Test@647e447]" started-at="2023-07-12T20:58:07 ICT" name="T06_AvatarChecked" finished-at="2023-07-12T20:58:07 ICT" duration-ms="1" status="PASS">
          <reporter-output>
          </reporter-output>
        </test-method> <!-- T06_AvatarChecked -->
        <test-method signature="T07_Compare_id()[pri:0, instance:lab_8.testcase.Example1Test@647e447]" started-at="2023-07-12T20:58:07 ICT" name="T07_Compare_id" finished-at="2023-07-12T20:58:07 ICT" duration-ms="202" status="PASS">
          <reporter-output>
          </reporter-output>
        </test-method> <!-- T07_Compare_id -->
        <test-method is-config="true" signature="afterTest()[pri:0, instance:lab_8.testcase.Example1Test@647e447]" started-at="2023-07-12T20:58:07 ICT" name="afterTest" finished-at="2023-07-12T20:58:07 ICT" duration-ms="0" status="PASS">
          <reporter-output>
          </reporter-output>
        </test-method> <!-- afterTest -->
      </class> <!-- lab_8.testcase.Example1Test -->
    </test> <!-- Default test -->
  </suite> <!-- Default suite -->
</testng-results>
