<?xml version="1.0" encoding="UTF-8"?>
<testng-results ignored="0" total="1" passed="1" failed="0" skipped="0">
  <reporter-output>
  </reporter-output>
  <suite started-at="2023-06-29T15:40:02 ICT" name="Default suite" finished-at="2023-06-29T15:40:46 ICT" duration-ms="44472">
    <groups>
    </groups>
    <test started-at="2023-06-29T15:40:02 ICT" name="Default test" finished-at="2023-06-29T15:40:46 ICT" duration-ms="44472">
      <class name="lab5.google.testcase.TC001_google">
        <test-method is-config="true" signature="init()[pri:0, instance:lab5.google.testcase.TC001_google@7f485fda]" started-at="2023-06-29T15:40:02 ICT" name="init" finished-at="2023-06-29T15:40:03 ICT" duration-ms="1128" status="PASS">
          <reporter-output>
          </reporter-output>
        </test-method> <!-- init -->
        <test-method signature="TC001Seach()[pri:0, instance:lab5.google.testcase.TC001_google@7f485fda]" started-at="2023-06-29T15:40:03 ICT" name="TC001Seach" finished-at="2023-06-29T15:40:46 ICT" duration-ms="43233" status="PASS">
          <reporter-output>
          </reporter-output>
        </test-method> <!-- TC001Seach -->
        <test-method is-config="true" signature="terminate()[pri:0, instance:lab5.google.testcase.TC001_google@7f485fda]" started-at="2023-06-29T15:40:46 ICT" name="terminate" finished-at="2023-06-29T15:40:46 ICT" duration-ms="85" status="PASS">
          <reporter-output>
          </reporter-output>
        </test-method> <!-- terminate -->
      </class> <!-- lab5.google.testcase.TC001_google -->
    </test> <!-- Default test -->
  </suite> <!-- Default suite -->
</testng-results>
