<?xml version="1.0" encoding="UTF-8"?>
<testng-results ignored="0" total="1" passed="1" failed="0" skipped="0">
  <reporter-output>
  </reporter-output>
  <suite started-at="2023-07-24T21:29:00 ICT" name="Default suite" finished-at="2023-07-24T21:29:03 ICT" duration-ms="3629">
    <groups>
    </groups>
    <test started-at="2023-07-24T21:29:00 ICT" name="Default test" finished-at="2023-07-24T21:29:03 ICT" duration-ms="3629">
      <class name="lab5.google.testcase.TC001_google">
        <test-method is-config="true" signature="init()[pri:0, instance:lab5.google.testcase.TC001_google@55182842]" started-at="2023-07-24T21:29:00 ICT" name="init" finished-at="2023-07-24T21:29:01 ICT" duration-ms="1106" status="PASS">
          <reporter-output>
          </reporter-output>
        </test-method> <!-- init -->
        <test-method signature="TC001_GoogleSeach()[pri:0, instance:lab5.google.testcase.TC001_google@55182842]" started-at="2023-07-24T21:29:01 ICT" name="TC001_GoogleSeach" finished-at="2023-07-24T21:29:03 ICT" duration-ms="2410" status="PASS">
          <reporter-output>
          </reporter-output>
        </test-method> <!-- TC001_GoogleSeach -->
        <test-method is-config="true" signature="terminate()[pri:0, instance:lab5.google.testcase.TC001_google@55182842]" started-at="2023-07-24T21:29:03 ICT" name="terminate" finished-at="2023-07-24T21:29:03 ICT" duration-ms="89" status="PASS">
          <reporter-output>
          </reporter-output>
        </test-method> <!-- terminate -->
      </class> <!-- lab5.google.testcase.TC001_google -->
    </test> <!-- Default test -->
  </suite> <!-- Default suite -->
</testng-results>
