<?xml version="1.0" encoding="UTF-8"?>
<testng-results ignored="0" total="7" passed="7" failed="0" skipped="0">
  <reporter-output>
  </reporter-output>
  <suite started-at="2023-07-10T20:59:07 ICT" name="Suite" finished-at="2023-07-10T21:01:27 ICT" duration-ms="140202">
    <groups>
    </groups>
    <test started-at="2023-07-10T20:59:07 ICT" name="Test" finished-at="2023-07-10T21:01:27 ICT" duration-ms="140202">
      <class name="com.automation.testcase.TC_LoginTest">
        <test-method is-config="true" signature="initDriverInstance()[pri:0, instance:com.automation.testcase.TC_LoginTest@9d5509a]" started-at="2023-07-10T20:59:07 ICT" name="initDriverInstance" finished-at="2023-07-10T20:59:08 ICT" duration-ms="1229" status="PASS">
          <reporter-output>
          </reporter-output>
        </test-method> <!-- initDriverInstance -->
        <test-method is-config="true" signature="openWebsite()[pri:0, instance:com.automation.testcase.TC_LoginTest@9d5509a]" started-at="2023-07-10T20:59:09 ICT" name="openWebsite" finished-at="2023-07-10T20:59:12 ICT" duration-ms="3603" status="PASS">
          <reporter-output>
          </reporter-output>
        </test-method> <!-- openWebsite -->
        <test-method signature="TC01_LoginFirstAccount(java.lang.String,java.lang.String)[pri:0, instance:com.automation.testcase.TC_LoginTest@9d5509a]" started-at="2023-07-10T20:59:12 ICT" name="TC01_LoginFirstAccount" data-provider="Excel" finished-at="2023-07-10T20:59:26 ICT" duration-ms="13864" status="PASS">
          <params>
            <param index="0">
              <value>
                <![CDATA[funixExample1@gmail.com]]>
              </value>
            </param>
            <param index="1">
              <value>
                <![CDATA[Abc@1234]]>
              </value>
            </param>
          </params>
          <reporter-output>
          </reporter-output>
        </test-method> <!-- TC01_LoginFirstAccount -->
        <test-method is-config="true" signature="takeScreenshot(org.testng.ITestResult)[pri:0, instance:com.automation.testcase.TC_LoginTest@9d5509a]" started-at="2023-07-10T20:59:26 ICT" name="takeScreenshot" finished-at="2023-07-10T20:59:26 ICT" duration-ms="1" status="PASS">
          <params>
            <param index="0">
              <value>
                <![CDATA[[TestResult name=TC01_LoginFirstAccount status=SUCCESS method=TC_LoginTest.TC01_LoginFirstAccount(java.lang.String,java.lang.String)[pri:0, instance:com.automation.testcase.TC_LoginTest@9d5509a] output={null}]]]>
              </value>
            </param>
          </params>
          <reporter-output>
          </reporter-output>
        </test-method> <!-- takeScreenshot -->
        <test-method is-config="true" signature="openWebsite()[pri:0, instance:com.automation.testcase.TC_LoginTest@9d5509a]" started-at="2023-07-10T20:59:26 ICT" name="openWebsite" finished-at="2023-07-10T20:59:31 ICT" duration-ms="5087" status="PASS">
          <reporter-output>
          </reporter-output>
        </test-method> <!-- openWebsite -->
        <test-method signature="TC01_LoginFirstAccount(java.lang.String,java.lang.String)[pri:0, instance:com.automation.testcase.TC_LoginTest@9d5509a]" started-at="2023-07-10T20:59:31 ICT" name="TC01_LoginFirstAccount" data-provider="Excel" finished-at="2023-07-10T20:59:47 ICT" duration-ms="15970" status="PASS">
          <params>
            <param index="0">
              <value>
                <![CDATA[funixExample2@gmail.com]]>
              </value>
            </param>
            <param index="1">
              <value>
                <![CDATA[Abc@13579]]>
              </value>
            </param>
          </params>
          <reporter-output>
          </reporter-output>
        </test-method> <!-- TC01_LoginFirstAccount -->
        <test-method is-config="true" signature="takeScreenshot(org.testng.ITestResult)[pri:0, instance:com.automation.testcase.TC_LoginTest@9d5509a]" started-at="2023-07-10T20:59:47 ICT" name="takeScreenshot" finished-at="2023-07-10T20:59:47 ICT" duration-ms="0" status="PASS">
          <params>
            <param index="0">
              <value>
                <![CDATA[[TestResult name=TC01_LoginFirstAccount status=SUCCESS method=TC_LoginTest.TC01_LoginFirstAccount(java.lang.String,java.lang.String)[pri:0, instance:com.automation.testcase.TC_LoginTest@9d5509a] output={null}]]]>
              </value>
            </param>
          </params>
          <reporter-output>
          </reporter-output>
        </test-method> <!-- takeScreenshot -->
        <test-method is-config="true" signature="openWebsite()[pri:0, instance:com.automation.testcase.TC_LoginTest@9d5509a]" started-at="2023-07-10T20:59:47 ICT" name="openWebsite" finished-at="2023-07-10T20:59:52 ICT" duration-ms="4564" status="PASS">
          <reporter-output>
          </reporter-output>
        </test-method> <!-- openWebsite -->
        <test-method signature="TC01_LoginFirstAccount(java.lang.String,java.lang.String)[pri:0, instance:com.automation.testcase.TC_LoginTest@9d5509a]" started-at="2023-07-10T20:59:52 ICT" name="TC01_LoginFirstAccount" data-provider="Excel" finished-at="2023-07-10T21:00:06 ICT" duration-ms="14442" status="PASS">
          <params>
            <param index="0">
              <value>
                <![CDATA[funixExample3@gmail.com]]>
              </value>
            </param>
            <param index="1">
              <value>
                <![CDATA[Funix1122]]>
              </value>
            </param>
          </params>
          <reporter-output>
          </reporter-output>
        </test-method> <!-- TC01_LoginFirstAccount -->
        <test-method is-config="true" signature="takeScreenshot(org.testng.ITestResult)[pri:0, instance:com.automation.testcase.TC_LoginTest@9d5509a]" started-at="2023-07-10T21:00:06 ICT" name="takeScreenshot" finished-at="2023-07-10T21:00:06 ICT" duration-ms="0" status="PASS">
          <params>
            <param index="0">
              <value>
                <![CDATA[[TestResult name=TC01_LoginFirstAccount status=SUCCESS method=TC_LoginTest.TC01_LoginFirstAccount(java.lang.String,java.lang.String)[pri:0, instance:com.automation.testcase.TC_LoginTest@9d5509a] output={null}]]]>
              </value>
            </param>
          </params>
          <reporter-output>
          </reporter-output>
        </test-method> <!-- takeScreenshot -->
        <test-method is-config="true" signature="openWebsite()[pri:0, instance:com.automation.testcase.TC_LoginTest@9d5509a]" started-at="2023-07-10T21:00:06 ICT" name="openWebsite" finished-at="2023-07-10T21:00:10 ICT" duration-ms="3517" status="PASS">
          <reporter-output>
          </reporter-output>
        </test-method> <!-- openWebsite -->
        <test-method signature="TC01_LoginFirstAccount(java.lang.String,java.lang.String)[pri:0, instance:com.automation.testcase.TC_LoginTest@9d5509a]" started-at="2023-07-10T21:00:10 ICT" name="TC01_LoginFirstAccount" data-provider="Excel" finished-at="2023-07-10T21:00:24 ICT" duration-ms="14038" status="PASS">
          <params>
            <param index="0">
              <value>
                <![CDATA[funixExample4@gmail.com]]>
              </value>
            </param>
            <param index="1">
              <value>
                <![CDATA[Funix1234567]]>
              </value>
            </param>
          </params>
          <reporter-output>
          </reporter-output>
        </test-method> <!-- TC01_LoginFirstAccount -->
        <test-method is-config="true" signature="takeScreenshot(org.testng.ITestResult)[pri:0, instance:com.automation.testcase.TC_LoginTest@9d5509a]" started-at="2023-07-10T21:00:24 ICT" name="takeScreenshot" finished-at="2023-07-10T21:00:24 ICT" duration-ms="0" status="PASS">
          <params>
            <param index="0">
              <value>
                <![CDATA[[TestResult name=TC01_LoginFirstAccount status=SUCCESS method=TC_LoginTest.TC01_LoginFirstAccount(java.lang.String,java.lang.String)[pri:0, instance:com.automation.testcase.TC_LoginTest@9d5509a] output={null}]]]>
              </value>
            </param>
          </params>
          <reporter-output>
          </reporter-output>
        </test-method> <!-- takeScreenshot -->
        <test-method is-config="true" signature="openWebsite()[pri:0, instance:com.automation.testcase.TC_LoginTest@9d5509a]" started-at="2023-07-10T21:00:24 ICT" name="openWebsite" finished-at="2023-07-10T21:00:26 ICT" duration-ms="2312" status="PASS">
          <reporter-output>
          </reporter-output>
        </test-method> <!-- openWebsite -->
        <test-method signature="TC01_LoginFirstAccount(java.lang.String,java.lang.String)[pri:0, instance:com.automation.testcase.TC_LoginTest@9d5509a]" started-at="2023-07-10T21:00:26 ICT" name="TC01_LoginFirstAccount" data-provider="Excel" finished-at="2023-07-10T21:00:46 ICT" duration-ms="19990" status="PASS">
          <params>
            <param index="0">
              <value>
                <![CDATA[funixExample5@gmail.com]]>
              </value>
            </param>
            <param index="1">
              <value>
                <![CDATA[Admin123]]>
              </value>
            </param>
          </params>
          <reporter-output>
          </reporter-output>
        </test-method> <!-- TC01_LoginFirstAccount -->
        <test-method is-config="true" signature="takeScreenshot(org.testng.ITestResult)[pri:0, instance:com.automation.testcase.TC_LoginTest@9d5509a]" started-at="2023-07-10T21:00:46 ICT" name="takeScreenshot" finished-at="2023-07-10T21:00:46 ICT" duration-ms="1" status="PASS">
          <params>
            <param index="0">
              <value>
                <![CDATA[[TestResult name=TC01_LoginFirstAccount status=SUCCESS method=TC_LoginTest.TC01_LoginFirstAccount(java.lang.String,java.lang.String)[pri:0, instance:com.automation.testcase.TC_LoginTest@9d5509a] output={null}]]]>
              </value>
            </param>
          </params>
          <reporter-output>
          </reporter-output>
        </test-method> <!-- takeScreenshot -->
        <test-method is-config="true" signature="openWebsite()[pri:0, instance:com.automation.testcase.TC_LoginTest@9d5509a]" started-at="2023-07-10T21:00:46 ICT" name="openWebsite" finished-at="2023-07-10T21:00:50 ICT" duration-ms="3576" status="PASS">
          <reporter-output>
          </reporter-output>
        </test-method> <!-- openWebsite -->
        <test-method signature="TC01_LoginFirstAccount(java.lang.String,java.lang.String)[pri:0, instance:com.automation.testcase.TC_LoginTest@9d5509a]" started-at="2023-07-10T21:00:50 ICT" name="TC01_LoginFirstAccount" data-provider="Excel" finished-at="2023-07-10T21:01:04 ICT" duration-ms="14622" status="PASS">
          <params>
            <param index="0">
              <value>
                <![CDATA[funixExample6@gmail.com]]>
              </value>
            </param>
            <param index="1">
              <value>
                <![CDATA[Abc@000]]>
              </value>
            </param>
          </params>
          <reporter-output>
          </reporter-output>
        </test-method> <!-- TC01_LoginFirstAccount -->
        <test-method is-config="true" signature="openWebsite()[pri:0, instance:com.automation.testcase.TC_LoginTest@9d5509a]" started-at="2023-07-10T21:01:04 ICT" name="openWebsite" finished-at="2023-07-10T21:01:09 ICT" duration-ms="5079" status="PASS">
          <reporter-output>
          </reporter-output>
        </test-method> <!-- openWebsite -->
        <test-method is-config="true" signature="takeScreenshot(org.testng.ITestResult)[pri:0, instance:com.automation.testcase.TC_LoginTest@9d5509a]" started-at="2023-07-10T21:01:04 ICT" name="takeScreenshot" finished-at="2023-07-10T21:01:04 ICT" duration-ms="0" status="PASS">
          <params>
            <param index="0">
              <value>
                <![CDATA[[TestResult name=TC01_LoginFirstAccount status=SUCCESS method=TC_LoginTest.TC01_LoginFirstAccount(java.lang.String,java.lang.String)[pri:0, instance:com.automation.testcase.TC_LoginTest@9d5509a] output={null}]]]>
              </value>
            </param>
          </params>
          <reporter-output>
          </reporter-output>
        </test-method> <!-- takeScreenshot -->
        <test-method signature="TC01_LoginFirstAccount(java.lang.String,java.lang.String)[pri:0, instance:com.automation.testcase.TC_LoginTest@9d5509a]" started-at="2023-07-10T21:01:09 ICT" name="TC01_LoginFirstAccount" data-provider="Excel" finished-at="2023-07-10T21:01:27 ICT" duration-ms="17946" status="PASS">
          <params>
            <param index="0">
              <value>
                <![CDATA[funixExample7@gmail.com]]>
              </value>
            </param>
            <param index="1">
              <value>
                <![CDATA[Abc@111]]>
              </value>
            </param>
          </params>
          <reporter-output>
          </reporter-output>
        </test-method> <!-- TC01_LoginFirstAccount -->
        <test-method is-config="true" signature="takeScreenshot(org.testng.ITestResult)[pri:0, instance:com.automation.testcase.TC_LoginTest@9d5509a]" started-at="2023-07-10T21:01:27 ICT" name="takeScreenshot" finished-at="2023-07-10T21:01:27 ICT" duration-ms="1" status="PASS">
          <params>
            <param index="0">
              <value>
                <![CDATA[[TestResult name=TC01_LoginFirstAccount status=SUCCESS method=TC_LoginTest.TC01_LoginFirstAccount(java.lang.String,java.lang.String)[pri:0, instance:com.automation.testcase.TC_LoginTest@9d5509a] output={null}]]]>
              </value>
            </param>
          </params>
          <reporter-output>
          </reporter-output>
        </test-method> <!-- takeScreenshot -->
        <test-method is-config="true" signature="closeDriverInstance()[pri:0, instance:com.automation.testcase.TC_LoginTest@9d5509a]" started-at="2023-07-10T21:01:27 ICT" name="closeDriverInstance" finished-at="2023-07-10T21:01:27 ICT" duration-ms="118" status="PASS">
          <reporter-output>
          </reporter-output>
        </test-method> <!-- closeDriverInstance -->
      </class> <!-- com.automation.testcase.TC_LoginTest -->
    </test> <!-- Test -->
  </suite> <!-- Suite -->
</testng-results>
