<?xml version="1.0" encoding="UTF-8"?>
<testng-results ignored="0" total="7" passed="7" failed="0" skipped="0">
  <reporter-output>
  </reporter-output>
  <suite started-at="2023-07-13T10:31:31 ICT" name="Suite" finished-at="2023-07-13T10:34:00 ICT" duration-ms="148589">
    <groups>
    </groups>
    <test started-at="2023-07-13T10:31:31 ICT" name="Test" finished-at="2023-07-13T10:34:00 ICT" duration-ms="148589">
      <class name="com.automation.testcase.TC_LoginTest">
        <test-method is-config="true" signature="initDriverInstance()[pri:0, instance:com.automation.testcase.TC_LoginTest@9d5509a]" started-at="2023-07-13T10:31:31 ICT" name="initDriverInstance" finished-at="2023-07-13T10:31:33 ICT" duration-ms="1956" status="PASS">
          <reporter-output>
          </reporter-output>
        </test-method> <!-- initDriverInstance -->
        <test-method is-config="true" signature="openWebsite()[pri:0, instance:com.automation.testcase.TC_LoginTest@9d5509a]" started-at="2023-07-13T10:31:33 ICT" name="openWebsite" finished-at="2023-07-13T10:31:37 ICT" duration-ms="4231" status="PASS">
          <reporter-output>
          </reporter-output>
        </test-method> <!-- openWebsite -->
        <test-method signature="TC01_LoginFirstAccount(java.lang.String,java.lang.String)[pri:0, instance:com.automation.testcase.TC_LoginTest@9d5509a]" started-at="2023-07-13T10:31:37 ICT" name="TC01_LoginFirstAccount" data-provider="Excel" finished-at="2023-07-13T10:31:55 ICT" duration-ms="17362" status="PASS">
          <params>
            <param index="0">
              <value>
                <![CDATA[funixExample1@gmail.com]]>
              </value>
            </param>
            <param index="1">
              <value>
                <![CDATA[Abc@1234]]>
              </value>
            </param>
          </params>
          <reporter-output>
          </reporter-output>
        </test-method> <!-- TC01_LoginFirstAccount -->
        <test-method is-config="true" signature="takeScreenshot(org.testng.ITestResult)[pri:0, instance:com.automation.testcase.TC_LoginTest@9d5509a]" started-at="2023-07-13T10:31:55 ICT" name="takeScreenshot" finished-at="2023-07-13T10:31:55 ICT" duration-ms="0" status="PASS">
          <params>
            <param index="0">
              <value>
                <![CDATA[[TestResult name=TC01_LoginFirstAccount status=SUCCESS method=TC_LoginTest.TC01_LoginFirstAccount(java.lang.String,java.lang.String)[pri:0, instance:com.automation.testcase.TC_LoginTest@9d5509a] output={null}]]]>
              </value>
            </param>
          </params>
          <reporter-output>
          </reporter-output>
        </test-method> <!-- takeScreenshot -->
        <test-method is-config="true" signature="openWebsite()[pri:0, instance:com.automation.testcase.TC_LoginTest@9d5509a]" started-at="2023-07-13T10:31:55 ICT" name="openWebsite" finished-at="2023-07-13T10:32:00 ICT" duration-ms="5516" status="PASS">
          <reporter-output>
          </reporter-output>
        </test-method> <!-- openWebsite -->
        <test-method signature="TC01_LoginFirstAccount(java.lang.String,java.lang.String)[pri:0, instance:com.automation.testcase.TC_LoginTest@9d5509a]" started-at="2023-07-13T10:32:00 ICT" name="TC01_LoginFirstAccount" data-provider="Excel" finished-at="2023-07-13T10:32:16 ICT" duration-ms="15903" status="PASS">
          <params>
            <param index="0">
              <value>
                <![CDATA[funixExample2@gmail.com]]>
              </value>
            </param>
            <param index="1">
              <value>
                <![CDATA[Abc@13579]]>
              </value>
            </param>
          </params>
          <reporter-output>
          </reporter-output>
        </test-method> <!-- TC01_LoginFirstAccount -->
        <test-method is-config="true" signature="takeScreenshot(org.testng.ITestResult)[pri:0, instance:com.automation.testcase.TC_LoginTest@9d5509a]" started-at="2023-07-13T10:32:16 ICT" name="takeScreenshot" finished-at="2023-07-13T10:32:16 ICT" duration-ms="0" status="PASS">
          <params>
            <param index="0">
              <value>
                <![CDATA[[TestResult name=TC01_LoginFirstAccount status=SUCCESS method=TC_LoginTest.TC01_LoginFirstAccount(java.lang.String,java.lang.String)[pri:0, instance:com.automation.testcase.TC_LoginTest@9d5509a] output={null}]]]>
              </value>
            </param>
          </params>
          <reporter-output>
          </reporter-output>
        </test-method> <!-- takeScreenshot -->
        <test-method is-config="true" signature="openWebsite()[pri:0, instance:com.automation.testcase.TC_LoginTest@9d5509a]" started-at="2023-07-13T10:32:16 ICT" name="openWebsite" finished-at="2023-07-13T10:32:21 ICT" duration-ms="5021" status="PASS">
          <reporter-output>
          </reporter-output>
        </test-method> <!-- openWebsite -->
        <test-method signature="TC01_LoginFirstAccount(java.lang.String,java.lang.String)[pri:0, instance:com.automation.testcase.TC_LoginTest@9d5509a]" started-at="2023-07-13T10:32:21 ICT" name="TC01_LoginFirstAccount" data-provider="Excel" finished-at="2023-07-13T10:32:36 ICT" duration-ms="14313" status="PASS">
          <params>
            <param index="0">
              <value>
                <![CDATA[funixExample3@gmail.com]]>
              </value>
            </param>
            <param index="1">
              <value>
                <![CDATA[Funix1122]]>
              </value>
            </param>
          </params>
          <reporter-output>
          </reporter-output>
        </test-method> <!-- TC01_LoginFirstAccount -->
        <test-method is-config="true" signature="takeScreenshot(org.testng.ITestResult)[pri:0, instance:com.automation.testcase.TC_LoginTest@9d5509a]" started-at="2023-07-13T10:32:36 ICT" name="takeScreenshot" finished-at="2023-07-13T10:32:36 ICT" duration-ms="0" status="PASS">
          <params>
            <param index="0">
              <value>
                <![CDATA[[TestResult name=TC01_LoginFirstAccount status=SUCCESS method=TC_LoginTest.TC01_LoginFirstAccount(java.lang.String,java.lang.String)[pri:0, instance:com.automation.testcase.TC_LoginTest@9d5509a] output={null}]]]>
              </value>
            </param>
          </params>
          <reporter-output>
          </reporter-output>
        </test-method> <!-- takeScreenshot -->
        <test-method is-config="true" signature="openWebsite()[pri:0, instance:com.automation.testcase.TC_LoginTest@9d5509a]" started-at="2023-07-13T10:32:36 ICT" name="openWebsite" finished-at="2023-07-13T10:32:41 ICT" duration-ms="5590" status="PASS">
          <reporter-output>
          </reporter-output>
        </test-method> <!-- openWebsite -->
        <test-method signature="TC01_LoginFirstAccount(java.lang.String,java.lang.String)[pri:0, instance:com.automation.testcase.TC_LoginTest@9d5509a]" started-at="2023-07-13T10:32:41 ICT" name="TC01_LoginFirstAccount" data-provider="Excel" finished-at="2023-07-13T10:32:55 ICT" duration-ms="14298" status="PASS">
          <params>
            <param index="0">
              <value>
                <![CDATA[funixExample4@gmail.com]]>
              </value>
            </param>
            <param index="1">
              <value>
                <![CDATA[Funix1234567]]>
              </value>
            </param>
          </params>
          <reporter-output>
          </reporter-output>
        </test-method> <!-- TC01_LoginFirstAccount -->
        <test-method is-config="true" signature="takeScreenshot(org.testng.ITestResult)[pri:0, instance:com.automation.testcase.TC_LoginTest@9d5509a]" started-at="2023-07-13T10:32:55 ICT" name="takeScreenshot" finished-at="2023-07-13T10:32:55 ICT" duration-ms="0" status="PASS">
          <params>
            <param index="0">
              <value>
                <![CDATA[[TestResult name=TC01_LoginFirstAccount status=SUCCESS method=TC_LoginTest.TC01_LoginFirstAccount(java.lang.String,java.lang.String)[pri:0, instance:com.automation.testcase.TC_LoginTest@9d5509a] output={null}]]]>
              </value>
            </param>
          </params>
          <reporter-output>
          </reporter-output>
        </test-method> <!-- takeScreenshot -->
        <test-method is-config="true" signature="openWebsite()[pri:0, instance:com.automation.testcase.TC_LoginTest@9d5509a]" started-at="2023-07-13T10:32:55 ICT" name="openWebsite" finished-at="2023-07-13T10:32:59 ICT" duration-ms="3544" status="PASS">
          <reporter-output>
          </reporter-output>
        </test-method> <!-- openWebsite -->
        <test-method signature="TC01_LoginFirstAccount(java.lang.String,java.lang.String)[pri:0, instance:com.automation.testcase.TC_LoginTest@9d5509a]" started-at="2023-07-13T10:32:59 ICT" name="TC01_LoginFirstAccount" data-provider="Excel" finished-at="2023-07-13T10:33:13 ICT" duration-ms="14429" status="PASS">
          <params>
            <param index="0">
              <value>
                <![CDATA[funixExample5@gmail.com]]>
              </value>
            </param>
            <param index="1">
              <value>
                <![CDATA[Admin123]]>
              </value>
            </param>
          </params>
          <reporter-output>
          </reporter-output>
        </test-method> <!-- TC01_LoginFirstAccount -->
        <test-method is-config="true" signature="openWebsite()[pri:0, instance:com.automation.testcase.TC_LoginTest@9d5509a]" started-at="2023-07-13T10:33:13 ICT" name="openWebsite" finished-at="2023-07-13T10:33:22 ICT" duration-ms="8192" status="PASS">
          <reporter-output>
          </reporter-output>
        </test-method> <!-- openWebsite -->
        <test-method is-config="true" signature="takeScreenshot(org.testng.ITestResult)[pri:0, instance:com.automation.testcase.TC_LoginTest@9d5509a]" started-at="2023-07-13T10:33:13 ICT" name="takeScreenshot" finished-at="2023-07-13T10:33:13 ICT" duration-ms="0" status="PASS">
          <params>
            <param index="0">
              <value>
                <![CDATA[[TestResult name=TC01_LoginFirstAccount status=SUCCESS method=TC_LoginTest.TC01_LoginFirstAccount(java.lang.String,java.lang.String)[pri:0, instance:com.automation.testcase.TC_LoginTest@9d5509a] output={null}]]]>
              </value>
            </param>
          </params>
          <reporter-output>
          </reporter-output>
        </test-method> <!-- takeScreenshot -->
        <test-method signature="TC01_LoginFirstAccount(java.lang.String,java.lang.String)[pri:0, instance:com.automation.testcase.TC_LoginTest@9d5509a]" started-at="2023-07-13T10:33:22 ICT" name="TC01_LoginFirstAccount" data-provider="Excel" finished-at="2023-07-13T10:33:40 ICT" duration-ms="18103" status="PASS">
          <params>
            <param index="0">
              <value>
                <![CDATA[funixExample6@gmail.com]]>
              </value>
            </param>
            <param index="1">
              <value>
                <![CDATA[Abc@000]]>
              </value>
            </param>
          </params>
          <reporter-output>
          </reporter-output>
        </test-method> <!-- TC01_LoginFirstAccount -->
        <test-method is-config="true" signature="takeScreenshot(org.testng.ITestResult)[pri:0, instance:com.automation.testcase.TC_LoginTest@9d5509a]" started-at="2023-07-13T10:33:40 ICT" name="takeScreenshot" finished-at="2023-07-13T10:33:40 ICT" duration-ms="0" status="PASS">
          <params>
            <param index="0">
              <value>
                <![CDATA[[TestResult name=TC01_LoginFirstAccount status=SUCCESS method=TC_LoginTest.TC01_LoginFirstAccount(java.lang.String,java.lang.String)[pri:0, instance:com.automation.testcase.TC_LoginTest@9d5509a] output={null}]]]>
              </value>
            </param>
          </params>
          <reporter-output>
          </reporter-output>
        </test-method> <!-- takeScreenshot -->
        <test-method is-config="true" signature="openWebsite()[pri:0, instance:com.automation.testcase.TC_LoginTest@9d5509a]" started-at="2023-07-13T10:33:40 ICT" name="openWebsite" finished-at="2023-07-13T10:33:43 ICT" duration-ms="3336" status="PASS">
          <reporter-output>
          </reporter-output>
        </test-method> <!-- openWebsite -->
        <test-method signature="TC01_LoginFirstAccount(java.lang.String,java.lang.String)[pri:0, instance:com.automation.testcase.TC_LoginTest@9d5509a]" started-at="2023-07-13T10:33:43 ICT" name="TC01_LoginFirstAccount" data-provider="Excel" finished-at="2023-07-13T10:33:59 ICT" duration-ms="16378" status="PASS">
          <params>
            <param index="0">
              <value>
                <![CDATA[funixExample7@gmail.com]]>
              </value>
            </param>
            <param index="1">
              <value>
                <![CDATA[Abc@111]]>
              </value>
            </param>
          </params>
          <reporter-output>
          </reporter-output>
        </test-method> <!-- TC01_LoginFirstAccount -->
        <test-method is-config="true" signature="takeScreenshot(org.testng.ITestResult)[pri:0, instance:com.automation.testcase.TC_LoginTest@9d5509a]" started-at="2023-07-13T10:33:59 ICT" name="takeScreenshot" finished-at="2023-07-13T10:33:59 ICT" duration-ms="0" status="PASS">
          <params>
            <param index="0">
              <value>
                <![CDATA[[TestResult name=TC01_LoginFirstAccount status=SUCCESS method=TC_LoginTest.TC01_LoginFirstAccount(java.lang.String,java.lang.String)[pri:0, instance:com.automation.testcase.TC_LoginTest@9d5509a] output={null}]]]>
              </value>
            </param>
          </params>
          <reporter-output>
          </reporter-output>
        </test-method> <!-- takeScreenshot -->
        <test-method is-config="true" signature="closeDriverInstance()[pri:0, instance:com.automation.testcase.TC_LoginTest@9d5509a]" started-at="2023-07-13T10:33:59 ICT" name="closeDriverInstance" finished-at="2023-07-13T10:34:00 ICT" duration-ms="117" status="PASS">
          <reporter-output>
          </reporter-output>
        </test-method> <!-- closeDriverInstance -->
      </class> <!-- com.automation.testcase.TC_LoginTest -->
    </test> <!-- Test -->
  </suite> <!-- Suite -->
</testng-results>
